Determining if the pthread_create exist failed with the following output:
Change Dir: /home/keerthikan/Dropbox/Eksamen/ROVI2/Project/Vision/cali_image_cap/build/CMakeFiles/CMakeTmp

Run Build Command:"/usr/bin/make" "cmTryCompileExec1340673158/fast"
/usr/bin/make -f CMakeFiles/cmTryCompileExec1340673158.dir/build.make CMakeFiles/cmTryCompileExec1340673158.dir/build
make[1]: Entering directory `/home/keerthikan/Dropbox/Eksamen/ROVI2/Project/Vision/cali_image_cap/build/CMakeFiles/CMakeTmp'
/usr/local/bin/cmake -E cmake_progress_report /home/keerthikan/Dropbox/Eksamen/ROVI2/Project/Vision/cali_image_cap/build/CMakeFiles/CMakeTmp/CMakeFiles 1
Building C object CMakeFiles/cmTryCompileExec1340673158.dir/CheckSymbolExists.c.o
/usr/bin/cc    -o CMakeFiles/cmTryCompileExec1340673158.dir/CheckSymbolExists.c.o   -c /home/keerthikan/Dropbox/Eksamen/ROVI2/Project/Vision/cali_image_cap/build/CMakeFiles/CMakeTmp/CheckSymbolExists.c
Linking C executable cmTryCompileExec1340673158
/usr/local/bin/cmake -E cmake_link_script CMakeFiles/cmTryCompileExec1340673158.dir/link.txt --verbose=1
/usr/bin/cc       CMakeFiles/cmTryCompileExec1340673158.dir/CheckSymbolExists.c.o  -o cmTryCompileExec1340673158 -rdynamic 
CMakeFiles/cmTryCompileExec1340673158.dir/CheckSymbolExists.c.o: In function `main':
CheckSymbolExists.c:(.text+0x16): undefined reference to `pthread_create'
collect2: error: ld returned 1 exit status
make[1]: Leaving directory `/home/keerthikan/Dropbox/Eksamen/ROVI2/Project/Vision/cali_image_cap/build/CMakeFiles/CMakeTmp'
make[1]: *** [cmTryCompileExec1340673158] Error 1
make: *** [cmTryCompileExec1340673158/fast] Error 2

File /home/keerthikan/Dropbox/Eksamen/ROVI2/Project/Vision/cali_image_cap/build/CMakeFiles/CMakeTmp/CheckSymbolExists.c:
/* */
#include <pthread.h>

int main(int argc, char** argv)
{
  (void)argv;
#ifndef pthread_create
  return ((int*)(&pthread_create))[argc];
#else
  (void)argc;
  return 0;
#endif
}

Determining if the function pthread_create exists in the pthreads failed with the following output:
Change Dir: /home/keerthikan/Dropbox/Eksamen/ROVI2/Project/Vision/cali_image_cap/build/CMakeFiles/CMakeTmp

Run Build Command:"/usr/bin/make" "cmTryCompileExec1453287205/fast"
/usr/bin/make -f CMakeFiles/cmTryCompileExec1453287205.dir/build.make CMakeFiles/cmTryCompileExec1453287205.dir/build
make[1]: Entering directory `/home/keerthikan/Dropbox/Eksamen/ROVI2/Project/Vision/cali_image_cap/build/CMakeFiles/CMakeTmp'
/usr/local/bin/cmake -E cmake_progress_report /home/keerthikan/Dropbox/Eksamen/ROVI2/Project/Vision/cali_image_cap/build/CMakeFiles/CMakeTmp/CMakeFiles 1
Building C object CMakeFiles/cmTryCompileExec1453287205.dir/CheckFunctionExists.c.o
/usr/bin/cc   -DCHECK_FUNCTION_EXISTS=pthread_create   -o CMakeFiles/cmTryCompileExec1453287205.dir/CheckFunctionExists.c.o   -c /usr/local/share/cmake-3.2/Modules/CheckFunctionExists.c
Linking C executable cmTryCompileExec1453287205
/usr/local/bin/cmake -E cmake_link_script CMakeFiles/cmTryCompileExec1453287205.dir/link.txt --verbose=1
/usr/bin/cc   -DCHECK_FUNCTION_EXISTS=pthread_create    CMakeFiles/cmTryCompileExec1453287205.dir/CheckFunctionExists.c.o  -o cmTryCompileExec1453287205 -rdynamic -lpthreads 
/usr/bin/ld: cannot find -lpthreads
collect2: error: ld returned 1 exit status
make[1]: Leaving directory `/home/keerthikan/Dropbox/Eksamen/ROVI2/Project/Vision/cali_image_cap/build/CMakeFiles/CMakeTmp'
make[1]: *** [cmTryCompileExec1453287205] Error 1
make: *** [cmTryCompileExec1453287205/fast] Error 2


